000 (7137.000.000) 03/15 21:18:23 Job submitted from host: <192.168.100.50:9618?addrs=192.168.100.50-9618&noUDP&sock=5185_0ea5_3>
...
001 (7137.000.000) 03/15 21:18:31 Job executing on host: <192.168.100.52:9618?addrs=192.168.100.52-9618&noUDP&sock=1070130_bfb6_4>
...
006 (7137.000.000) 03/15 21:18:40 Image size of job updated: 30296
	18  -  MemoryUsage of job (MB)
	18068  -  ResidentSetSize of job (KB)
...
006 (7137.000.000) 03/15 21:23:40 Image size of job updated: 1173700
	1090  -  MemoryUsage of job (MB)
	1115444  -  ResidentSetSize of job (KB)
...
006 (7137.000.000) 03/15 21:28:41 Image size of job updated: 1259492
	1174  -  MemoryUsage of job (MB)
	1201208  -  ResidentSetSize of job (KB)
...
005 (7137.000.000) 03/15 21:35:49 Job terminated.
	(1) Normal termination (return value 0)
		Usr 0 00:13:58, Sys 0 00:02:27  -  Run Remote Usage
		Usr 0 00:00:00, Sys 0 00:00:00  -  Run Local Usage
		Usr 0 00:13:58, Sys 0 00:02:27  -  Total Remote Usage
		Usr 0 00:00:00, Sys 0 00:00:00  -  Total Local Usage
	0  -  Run Bytes Sent By Job
	0  -  Run Bytes Received By Job
	0  -  Total Bytes Sent By Job
	0  -  Total Bytes Received By Job
	Partitionable Resources :    Usage  Request Allocated 
	   Cpus                 :                 1         1 
	   Disk (KB)            :        1        1    465402 
	   Memory (MB)          :     1174     2048      2048 
...
